Using pre-set license

 COMMAND LINE ARGUMENTS:
/Applications/Unity/Hub/Editor/2020.3.12f1/Unity.app/Contents/MacOS/Unity
-adb2
-batchMode
-noUpm
-name
AssetImportWorker0
-projectPath
/Users/student/Desktop/Tomato (CAS Project)
-logFile
Logs/AssetImportWorker0.log
-srvPort
60911
Successfully changed project path to: /Users/student/Desktop/Tomato (CAS Project)
/Users/student/Desktop/Tomato (CAS Project)
Using Asset Import Pipeline V2.
Refreshing native plugins compatible for Editor in 70.16 ms, found 4 plugins.
Preloading 0 native plugins for Editor in 0.00 ms.
Initialize engine version: 2020.3.12f1 (b3b2c6512326)
[Subsystems] Discovering subsystems at path /Applications/Unity/Hub/Editor/2020.3.12f1/Unity.app/Contents/Resources/UnitySubsystems
[Subsystems] Discovering subsystems at path /Users/student/Desktop/Tomato (CAS Project)/Assets
GfxDevice: creating device client; threaded=0
2021-07-11 22:22:11.666 Unity[56790:7030304] Color LCD preferred device: Intel(R) Iris(TM) Plus Graphics 655 (low power)
2021-07-11 22:22:11.666 Unity[56790:7030304] Metal devices available: 1
2021-07-11 22:22:11.666 Unity[56790:7030304] 0: Intel(R) Iris(TM) Plus Graphics 655 (low power)
2021-07-11 22:22:11.667 Unity[56790:7030304] Using device Intel(R) Iris(TM) Plus Graphics 655 (low power)
Initializing Metal device caps: Intel(R) Iris(TM) Plus Graphics 655
Initialize mono
Mono path[0] = '/Applications/Unity/Hub/Editor/2020.3.12f1/Unity.app/Contents/Managed'
Mono path[1] = '/Applications/Unity/Hub/Editor/2020.3.12f1/Unity.app/Contents/MonoBleedingEdge/lib/mono/unityjit'
Mono config path = '/Applications/Unity/Hub/Editor/2020.3.12f1/Unity.app/Contents/MonoBleedingEdge/etc'
Using monoOptions --debugger-agent=transport=dt_socket,embedding=1,server=y,suspend=n,address=127.0.0.1:56790
Begin MonoManager ReloadAssembly
Registering precompiled unity dll's ...
Register platform support module: /Applications/Unity/Hub/Editor/2020.3.12f1/PlaybackEngines/WebGLSupport/UnityEditor.WebGL.Extensions.dll
Register platform support module: /Applications/Unity/Hub/Editor/2020.3.12f1/Unity.app/Contents/PlaybackEngines/MacStandaloneSupport/UnityEditor.OSXStandalone.Extensions.dll
Registered in 0.003561 seconds.
Native extension for OSXStandalone target not found
Native extension for WebGL target not found
Refreshing native plugins compatible for Editor in 49.73 ms, found 4 plugins.
Preloading 0 native plugins for Editor in 0.00 ms.
Mono: successfully reloaded assembly
- Completed reload, in  2.134 seconds
Platform modules already initialized, skipping
Registering precompiled user dll's ...
Registered in 0.017438 seconds.
Begin MonoManager ReloadAssembly
Native extension for OSXStandalone target not found
Native extension for WebGL target not found
Refreshing native plugins compatible for Editor in 49.31 ms, found 4 plugins.
Preloading 0 native plugins for Editor in 0.00 ms.
Mono: successfully reloaded assembly
- Completed reload, in  1.557 seconds
Platform modules already initialized, skipping
========================================================================
Worker process is ready to serve import requests
Launching external process: /Applications/Unity/Hub/Editor/2020.3.12f1/Unity.app/Contents/Tools/UnityShaderCompiler
Launched and connected shader compiler UnityShaderCompiler after 0.03 seconds
Refreshing native plugins compatible for Editor in 0.81 ms, found 4 plugins.
Preloading 0 native plugins for Editor in 0.00 ms.
Unloading 2099 Unused Serialized files (Serialized files now loaded: 0)
System memory in use before: 171.8 MB.
System memory in use after: 171.7 MB.

Unloading 50 unused Assets to reduce memory usage. Loaded Objects now: 2557.
Total: 3.232283 ms (FindLiveObjects: 0.240690 ms CreateObjectMapping: 0.089184 ms MarkObjects: 2.660508 ms  DeleteObjects: 0.240668 ms)

AssetImportParameters requested are different than current active one (requested -> active):
  custom:video-decoder-ogg-theora: a1e56fd34408186e4bbccfd4996cb3dc -> 
  custom:container-muxer-webm: aa71ff27fc2769a1b78a27578f13a17b -> 
  custom:container-demuxer-webm: 4f35f7cbe854078d1ac9338744f61a02 -> 
  custom:container-demuxer-ogg: 62fdf1f143b41e24485cea50d1cbac27 -> 
  custom:video-encoder-webm-vp8: eb34c28f22e8b96e1ab97ce403110664 -> 
  custom:framework-osx-AVFoundation: b23960f63f64bdc6ff669e2cdcee2391 -> 
  custom:video-decoder-webm-vp8: 9c59270c3fd7afecdb556c50c9e8de78 -> 
  custom:audio-decoder-ogg-vorbis: bf7c407c2cedff20999df2af8eb42d56 -> 
  custom:audio-encoder-webm-vorbis: bf7c407c2cedff20999df2af8eb42d56 -> 
========================================================================
Received Import Request.
  path: Assets/Scenes/WebGL Template
  artifactKey: Guid(8c3c7502fbcf74400ba9ce351aa65870) Importer(815301076,1909f56bfc062723c751e8b465ee728b)
Start importing Assets/Scenes/WebGL Template using Guid(8c3c7502fbcf74400ba9ce351aa65870) Importer(815301076,1909f56bfc062723c751e8b465ee728b)  -> (artifact id: '577395c27d829ce541f071a4c3409c42') in 0.009716 seconds 
  Import took 0.014371 seconds .

========================================================================
Received Import Request.
  Time since last request: 53.650595 seconds.
  path: Assets/WebGL Template
  artifactKey: Guid(a7d2d25ad8b3c4d80bc2c4519220724f) Importer(815301076,1909f56bfc062723c751e8b465ee728b)
Start importing Assets/WebGL Template using Guid(a7d2d25ad8b3c4d80bc2c4519220724f) Importer(815301076,1909f56bfc062723c751e8b465ee728b)  -> (artifact id: '09c496fba7ad0667bda013d21f4e39bd') in 0.002402 seconds 
  Import took 0.012237 seconds .

========================================================================
Received Import Request.
  Time since last request: 49.349733 seconds.
  path: Assets/WebGL Template/New Template
  artifactKey: Guid(df4c576da31cf42e2b77c1c466952f94) Importer(815301076,1909f56bfc062723c751e8b465ee728b)
Start importing Assets/WebGL Template/New Template using Guid(df4c576da31cf42e2b77c1c466952f94) Importer(815301076,1909f56bfc062723c751e8b465ee728b)  -> (artifact id: '044ddf08abeee1dfed9ebe6741e1f1a0') in 0.005444 seconds 
  Import took 0.019236 seconds .

========================================================================
Received Import Request.
  Time since last request: 144.029047 seconds.
  path: Assets/WebGL Template/New Template/Index.html.uss
  artifactKey: Guid(fe51ee384568e43d9a9699e5e51d1775) Importer(815301076,1909f56bfc062723c751e8b465ee728b)
Start importing Assets/WebGL Template/New Template/Index.html.uss using Guid(fe51ee384568e43d9a9699e5e51d1775) Importer(815301076,1909f56bfc062723c751e8b465ee728b)  -> (artifact id: 'd20b177c33cc18b523c9856e26bccb49') in 0.158426 seconds 
  Import took 0.163317 seconds .

========================================================================
Received Import Request.
  Time since last request: 0.033492 seconds.
  path: Assets/WebGL Template/New Template/Index.html.uss
  artifactKey: Guid(fe51ee384568e43d9a9699e5e51d1775) Importer(815301076,1909f56bfc062723c751e8b465ee728b)
Start importing Assets/WebGL Template/New Template/Index.html.uss using Guid(fe51ee384568e43d9a9699e5e51d1775) Importer(815301076,1909f56bfc062723c751e8b465ee728b)  -> (artifact id: 'd20b177c33cc18b523c9856e26bccb49') in 0.003358 seconds 
  Import took 0.006781 seconds .

========================================================================
Received Import Request.
  Time since last request: 108.693474 seconds.
  path: Assets/WebGL Template/New Template/index.html
  artifactKey: Guid(3a941f10afdd24b55a165e851ac9b0ba) Importer(815301076,1909f56bfc062723c751e8b465ee728b)
Start importing Assets/WebGL Template/New Template/index.html using Guid(3a941f10afdd24b55a165e851ac9b0ba) Importer(815301076,1909f56bfc062723c751e8b465ee728b)  -> (artifact id: '789d04e4cd1c8bc5991fd7e15e37081c') in 0.069481 seconds 
  Import took 0.075487 seconds .

